

Version:	3.50
CmdLine:	C:\Users\tonic\Desktop\TFG_2024 _DAM_CAPARROS_RUIZ_ANTONIO\TFG_2024_Caparros_Ruiz_Antonio\deploy\ejecutable\GameProgressTracker_Ejecutable.exe --l4j-debug
JNI:		No
WOW64:		Yes
Working dir:	C:\Users\tonic\Desktop\TFG_2024 _DAM_CAPARROS_RUIZ_ANTONIO\TFG_2024_Caparros_Ruiz_Antonio\deploy\ejecutable\.
Requires JDK:	No
Requires 64-Bit: No
Java min ver:	
Java max ver:	
Substitute:	JAVA_HOME = C:\Users\tonic\Desktop\Mi carpeta\DAM\Desarrollo de Interfaces\1º Trimestre\workspaceToniDesarrolloInt\dev\jdk\jdk-22.0.1\jdk-22.0.1
Substitute:	PATH = C:\Program Files\Common Files\Oracle\Java\javapath;C:\Program Files (x86)\Common Files\Oracle\Java\java8path;C:\Program Files (x86)\Common Files\Oracle\Java\javapath;C:\ProgramData\Oracle\Java\javapath;C:\Windows\system32;C:\Windows;C:\Windows\System32\Wbem;C:\Windows\System32\WindowsPowerShell\v1.0\;C:\Windows\System32\OpenSSH\;C:\Program Files\NVIDIA Corporation\NVIDIA NvDLISR;C:\Program Files (x86)\NVIDIA Corporation\PhysX\Common;C:\Program Files\Git\cmd;C:\Program Files\dotnet\;C:\Program Files\nodejs\;C:\WINDOWS\system32;C:\WINDOWS;C:\WINDOWS\System32\Wbem;C:\WINDOWS\System32\WindowsPowerShell\v1.0\;C:\WINDOWS\System32\OpenSSH\;C:\Users\tonic\Desktop\Mi carpeta\DAM\Desarrollo de Interfaces\2º Trimestre\maven\apache-maven-3.9.6\bin;C:\Users\tonic\Desktop\Mi carpeta\DAM\Desarrollo de Interfaces\1º Trimestre\workspaceToniDesarrolloInt\dev\jdk\jdk-22.0.1\jdk-22.0.1\bin;C:\Program Files\Docker\Docker\resources\bin;C:\Users\tonic\AppData\Local\Microsoft\WindowsApps;C:\Users\tonic\AppData\Local\Programs\Microsoft VS Code\bin;C:\Users\tonic\AppData\Roaming\npm;C:\Users\tonic\AppData\Local\GitHubDesktop\bin;;C:\Program Files\Java\jre-1.8\bin
JRE paths:	C:\Users\tonic\Desktop\Mi carpeta\DAM\Desarrollo de Interfaces\1º Trimestre\workspaceToniDesarrolloInt\dev\jdk\jdk-22.0.1\jdk-22.0.1;C:\Program Files\Common Files\Oracle\Java\javapath;C:\Program Files (x86)\Common Files\Oracle\Java\java8path;C:\Program Files (x86)\Common Files\Oracle\Java\javapath;C:\ProgramData\Oracle\Java\javapath;C:\Windows\system32;C:\Windows;C:\Windows\System32\Wbem;C:\Windows\System32\WindowsPowerShell\v1.0\;C:\Windows\System32\OpenSSH\;C:\Program Files\NVIDIA Corporation\NVIDIA NvDLISR;C:\Program Files (x86)\NVIDIA Corporation\PhysX\Common;C:\Program Files\Git\cmd;C:\Program Files\dotnet\;C:\Program Files\nodejs\;C:\WINDOWS\system32;C:\WINDOWS;C:\WINDOWS\System32\Wbem;C:\WINDOWS\System32\WindowsPowerShell\v1.0\;C:\WINDOWS\System32\OpenSSH\;C:\Users\tonic\Desktop\Mi carpeta\DAM\Desarrollo de Interfaces\2º Trimestre\maven\apache-maven-3.9.6\bin;C:\Users\tonic\Desktop\Mi carpeta\DAM\Desarrollo de Interfaces\1º Trimestre\workspaceToniDesarrolloInt\dev\jdk\jdk-22.0.1\jdk-22.0.1\bin;C:\Program Files\Docker\Docker\resources\bin;C:\Users\tonic\AppData\Local\Microsoft\WindowsApps;C:\Users\tonic\AppData\Local\Programs\Microsoft VS Code\bin;C:\Users\tonic\AppData\Roaming\npm;C:\Users\tonic\AppData\Local\GitHubDesktop\bin;;C:\Program Files\Java\jre-1.8\bin
Check launcher:	C:\Users\tonic\Desktop\Mi carpeta\DAM\Desarrollo de Interfaces\1º Trimestre\workspaceToniDesarrolloInt\dev\jdk\jdk-22.0.1\jdk-22.0.1\bin\javaw.exe (not found)
Check launcher:	C:\Program Files\Common Files\Oracle\Java\javapath\bin\javaw.exe (not found)
Check launcher:	C:\Program Files (x86)\Common Files\Oracle\Java\java8path\bin\javaw.exe (not found)
Check launcher:	C:\Program Files (x86)\Common Files\Oracle\Java\javapath\bin\javaw.exe (not found)
Check launcher:	C:\ProgramData\Oracle\Java\javapath\bin\javaw.exe (not found)
Check launcher:	C:\Windows\system32\bin\javaw.exe (not found)
Check launcher:	C:\Windows\bin\javaw.exe (not found)
Check launcher:	C:\Windows\System32\Wbem\bin\javaw.exe (not found)
Check launcher:	C:\Windows\System32\WindowsPowerShell\v1.0\bin\javaw.exe (not found)
Check launcher:	C:\Windows\System32\OpenSSH\bin\javaw.exe (not found)
Check launcher:	C:\Program Files\NVIDIA Corporation\NVIDIA NvDLISR\bin\javaw.exe (not found)
Check launcher:	C:\Program Files (x86)\NVIDIA Corporation\PhysX\Common\bin\javaw.exe (not found)
Check launcher:	C:\Program Files\Git\cmd\bin\javaw.exe (not found)
Check launcher:	C:\Program Files\dotnet\bin\javaw.exe (not found)
Check launcher:	C:\Program Files\nodejs\bin\javaw.exe (not found)
Check launcher:	C:\WINDOWS\system32\bin\javaw.exe (not found)
Check launcher:	C:\WINDOWS\bin\javaw.exe (not found)
Check launcher:	C:\WINDOWS\System32\Wbem\bin\javaw.exe (not found)
Check launcher:	C:\WINDOWS\System32\WindowsPowerShell\v1.0\bin\javaw.exe (not found)
Check launcher:	C:\WINDOWS\System32\OpenSSH\bin\javaw.exe (not found)
Check launcher:	C:\Users\tonic\Desktop\Mi carpeta\DAM\Desarrollo de Interfaces\2º Trimestre\maven\apache-maven-3.9.6\bin\javaw.exe (not found)
Check launcher:	C:\Users\tonic\Desktop\Mi carpeta\DAM\Desarrollo de Interfaces\1º Trimestre\workspaceToniDesarrolloInt\dev\jdk\jdk-22.0.1\jdk-22.0.1\bin\javaw.exe (not found)
Check launcher:	C:\Program Files\Docker\Docker\resources\bin\javaw.exe (not found)
Check launcher:	C:\Users\tonic\AppData\Local\Microsoft\WindowsApps\bin\javaw.exe (not found)
Check launcher:	C:\Users\tonic\AppData\Local\Programs\Microsoft VS Code\bin\javaw.exe (not found)
Check launcher:	C:\Users\tonic\AppData\Roaming\npm\bin\javaw.exe (not found)
Check launcher:	C:\Users\tonic\AppData\Local\GitHubDesktop\bin\javaw.exe (not found)
Check launcher:	C:\Program Files\Java\jre-1.8\bin\javaw.exe (OK)
Version string: 1.008.000_411 / 64-Bit (OK)
Launcher:	C:\Program Files\Java\jre-1.8\bin\javaw.exe
Launcher args:	-jar "C:\Users\tonic\Desktop\TFG_2024 _DAM_CAPARROS_RUIZ_ANTONIO\TFG_2024_Caparros_Ruiz_Antonio\deploy\ejecutable\GameProgressTracker_Ejecutable.exe"
Args length:	149/32768 chars
Exit code:	0


Version:	3.50
CmdLine:	C:\Users\tonic\Desktop\TFG_2024 _DAM_CAPARROS_RUIZ_ANTONIO\TFG_2024_Caparros_Ruiz_Antonio\deploy\ejecutable\GameProgressTracker_Ejecutable.exe --l4j-debug
JNI:		No
WOW64:		Yes
Working dir:	C:\Users\tonic\Desktop\TFG_2024 _DAM_CAPARROS_RUIZ_ANTONIO\TFG_2024_Caparros_Ruiz_Antonio\deploy\ejecutable\.
Requires JDK:	No
Requires 64-Bit: No
Java min ver:	1.007.000
Java max ver:	
Substitute:	JAVA_HOME = C:\Users\tonic\Desktop\Mi carpeta\DAM\Desarrollo de Interfaces\1º Trimestre\workspaceToniDesarrolloInt\dev\jdk\jdk-22.0.1\jdk-22.0.1
Substitute:	PATH = C:\Program Files\Common Files\Oracle\Java\javapath;C:\Program Files (x86)\Common Files\Oracle\Java\java8path;C:\Program Files (x86)\Common Files\Oracle\Java\javapath;C:\ProgramData\Oracle\Java\javapath;C:\Windows\system32;C:\Windows;C:\Windows\System32\Wbem;C:\Windows\System32\WindowsPowerShell\v1.0\;C:\Windows\System32\OpenSSH\;C:\Program Files\NVIDIA Corporation\NVIDIA NvDLISR;C:\Program Files (x86)\NVIDIA Corporation\PhysX\Common;C:\Program Files\Git\cmd;C:\Program Files\dotnet\;C:\Program Files\nodejs\;C:\WINDOWS\system32;C:\WINDOWS;C:\WINDOWS\System32\Wbem;C:\WINDOWS\System32\WindowsPowerShell\v1.0\;C:\WINDOWS\System32\OpenSSH\;C:\Users\tonic\Desktop\Mi carpeta\DAM\Desarrollo de Interfaces\2º Trimestre\maven\apache-maven-3.9.6\bin;C:\Users\tonic\Desktop\Mi carpeta\DAM\Desarrollo de Interfaces\1º Trimestre\workspaceToniDesarrolloInt\dev\jdk\jdk-22.0.1\jdk-22.0.1\bin;C:\Program Files\Docker\Docker\resources\bin;C:\Users\tonic\AppData\Local\Microsoft\WindowsApps;C:\Users\tonic\AppData\Local\Programs\Microsoft VS Code\bin;C:\Users\tonic\AppData\Roaming\npm;C:\Users\tonic\AppData\Local\GitHubDesktop\bin;;C:\Program Files\Java\jre-1.8\bin
JRE paths:	C:\Users\tonic\Desktop\Mi carpeta\DAM\Desarrollo de Interfaces\1º Trimestre\workspaceToniDesarrolloInt\dev\jdk\jdk-22.0.1\jdk-22.0.1;C:\Program Files\Common Files\Oracle\Java\javapath;C:\Program Files (x86)\Common Files\Oracle\Java\java8path;C:\Program Files (x86)\Common Files\Oracle\Java\javapath;C:\ProgramData\Oracle\Java\javapath;C:\Windows\system32;C:\Windows;C:\Windows\System32\Wbem;C:\Windows\System32\WindowsPowerShell\v1.0\;C:\Windows\System32\OpenSSH\;C:\Program Files\NVIDIA Corporation\NVIDIA NvDLISR;C:\Program Files (x86)\NVIDIA Corporation\PhysX\Common;C:\Program Files\Git\cmd;C:\Program Files\dotnet\;C:\Program Files\nodejs\;C:\WINDOWS\system32;C:\WINDOWS;C:\WINDOWS\System32\Wbem;C:\WINDOWS\System32\WindowsPowerShell\v1.0\;C:\WINDOWS\System32\OpenSSH\;C:\Users\tonic\Desktop\Mi carpeta\DAM\Desarrollo de Interfaces\2º Trimestre\maven\apache-maven-3.9.6\bin;C:\Users\tonic\Desktop\Mi carpeta\DAM\Desarrollo de Interfaces\1º Trimestre\workspaceToniDesarrolloInt\dev\jdk\jdk-22.0.1\jdk-22.0.1\bin;C:\Program Files\Docker\Docker\resources\bin;C:\Users\tonic\AppData\Local\Microsoft\WindowsApps;C:\Users\tonic\AppData\Local\Programs\Microsoft VS Code\bin;C:\Users\tonic\AppData\Roaming\npm;C:\Users\tonic\AppData\Local\GitHubDesktop\bin;;C:\Program Files\Java\jre-1.8\bin
Check launcher:	C:\Users\tonic\Desktop\Mi carpeta\DAM\Desarrollo de Interfaces\1º Trimestre\workspaceToniDesarrolloInt\dev\jdk\jdk-22.0.1\jdk-22.0.1\bin\javaw.exe (not found)
Check launcher:	C:\Program Files\Common Files\Oracle\Java\javapath\bin\javaw.exe (not found)
Check launcher:	C:\Program Files (x86)\Common Files\Oracle\Java\java8path\bin\javaw.exe (not found)
Check launcher:	C:\Program Files (x86)\Common Files\Oracle\Java\javapath\bin\javaw.exe (not found)
Check launcher:	C:\ProgramData\Oracle\Java\javapath\bin\javaw.exe (not found)
Check launcher:	C:\Windows\system32\bin\javaw.exe (not found)
Check launcher:	C:\Windows\bin\javaw.exe (not found)
Check launcher:	C:\Windows\System32\Wbem\bin\javaw.exe (not found)
Check launcher:	C:\Windows\System32\WindowsPowerShell\v1.0\bin\javaw.exe (not found)
Check launcher:	C:\Windows\System32\OpenSSH\bin\javaw.exe (not found)
Check launcher:	C:\Program Files\NVIDIA Corporation\NVIDIA NvDLISR\bin\javaw.exe (not found)
Check launcher:	C:\Program Files (x86)\NVIDIA Corporation\PhysX\Common\bin\javaw.exe (not found)
Check launcher:	C:\Program Files\Git\cmd\bin\javaw.exe (not found)
Check launcher:	C:\Program Files\dotnet\bin\javaw.exe (not found)
Check launcher:	C:\Program Files\nodejs\bin\javaw.exe (not found)
Check launcher:	C:\WINDOWS\system32\bin\javaw.exe (not found)
Check launcher:	C:\WINDOWS\bin\javaw.exe (not found)
Check launcher:	C:\WINDOWS\System32\Wbem\bin\javaw.exe (not found)
Check launcher:	C:\WINDOWS\System32\WindowsPowerShell\v1.0\bin\javaw.exe (not found)
Check launcher:	C:\WINDOWS\System32\OpenSSH\bin\javaw.exe (not found)
Check launcher:	C:\Users\tonic\Desktop\Mi carpeta\DAM\Desarrollo de Interfaces\2º Trimestre\maven\apache-maven-3.9.6\bin\javaw.exe (not found)
Check launcher:	C:\Users\tonic\Desktop\Mi carpeta\DAM\Desarrollo de Interfaces\1º Trimestre\workspaceToniDesarrolloInt\dev\jdk\jdk-22.0.1\jdk-22.0.1\bin\javaw.exe (not found)
Check launcher:	C:\Program Files\Docker\Docker\resources\bin\javaw.exe (not found)
Check launcher:	C:\Users\tonic\AppData\Local\Microsoft\WindowsApps\bin\javaw.exe (not found)
Check launcher:	C:\Users\tonic\AppData\Local\Programs\Microsoft VS Code\bin\javaw.exe (not found)
Check launcher:	C:\Users\tonic\AppData\Roaming\npm\bin\javaw.exe (not found)
Check launcher:	C:\Users\tonic\AppData\Local\GitHubDesktop\bin\javaw.exe (not found)
Check launcher:	C:\Program Files\Java\jre-1.8\bin\javaw.exe (OK)
Version string: 1.008.000_411 / 64-Bit (OK)
Launcher:	C:\Program Files\Java\jre-1.8\bin\javaw.exe
Launcher args:	-jar "C:\Users\tonic\Desktop\TFG_2024 _DAM_CAPARROS_RUIZ_ANTONIO\TFG_2024_Caparros_Ruiz_Antonio\deploy\ejecutable\GameProgressTracker_Ejecutable.exe"
Args length:	149/32768 chars
Exit code:	0


Version:	3.50
CmdLine:	C:\Users\tonic\Desktop\TFG_2024 _DAM_CAPARROS_RUIZ_ANTONIO\TFG_2024_Caparros_Ruiz_Antonio\deploy\ejecutable\GameProgressTracker_Ejecutable.exe --l4j-debug
JNI:		No
WOW64:		Yes
Working dir:	C:\Users\tonic\Desktop\TFG_2024 _DAM_CAPARROS_RUIZ_ANTONIO\TFG_2024_Caparros_Ruiz_Antonio\deploy\ejecutable\.
Requires JDK:	Yes
Requires 64-Bit: Yes
Java min ver:	1.000.004
Java max ver:	
Substitute:	JAVA_HOME = C:\Users\tonic\Desktop\Mi carpeta\DAM\Desarrollo de Interfaces\1º Trimestre\workspaceToniDesarrolloInt\dev\jdk\jdk-22.0.1\jdk-22.0.1
Substitute:	PATH = C:\Program Files\Common Files\Oracle\Java\javapath;C:\Program Files (x86)\Common Files\Oracle\Java\java8path;C:\Program Files (x86)\Common Files\Oracle\Java\javapath;C:\ProgramData\Oracle\Java\javapath;C:\Windows\system32;C:\Windows;C:\Windows\System32\Wbem;C:\Windows\System32\WindowsPowerShell\v1.0\;C:\Windows\System32\OpenSSH\;C:\Program Files\NVIDIA Corporation\NVIDIA NvDLISR;C:\Program Files (x86)\NVIDIA Corporation\PhysX\Common;C:\Program Files\Git\cmd;C:\Program Files\dotnet\;C:\Program Files\nodejs\;C:\WINDOWS\system32;C:\WINDOWS;C:\WINDOWS\System32\Wbem;C:\WINDOWS\System32\WindowsPowerShell\v1.0\;C:\WINDOWS\System32\OpenSSH\;C:\Users\tonic\Desktop\Mi carpeta\DAM\Desarrollo de Interfaces\2º Trimestre\maven\apache-maven-3.9.6\bin;C:\Users\tonic\Desktop\Mi carpeta\DAM\Desarrollo de Interfaces\1º Trimestre\workspaceToniDesarrolloInt\dev\jdk\jdk-22.0.1\jdk-22.0.1\bin;C:\Program Files\Docker\Docker\resources\bin;C:\Users\tonic\AppData\Local\Microsoft\WindowsApps;C:\Users\tonic\AppData\Local\Programs\Microsoft VS Code\bin;C:\Users\tonic\AppData\Roaming\npm;C:\Users\tonic\AppData\Local\GitHubDesktop\bin;;C:\Program Files\Java\jre-1.8\bin
JRE paths:	C:\Users\tonic\Desktop\Mi carpeta\DAM\Desarrollo de Interfaces\1º Trimestre\workspaceToniDesarrolloInt\dev\jdk\jdk-22.0.1\jdk-22.0.1;C:\Program Files\Common Files\Oracle\Java\javapath;C:\Program Files (x86)\Common Files\Oracle\Java\java8path;C:\Program Files (x86)\Common Files\Oracle\Java\javapath;C:\ProgramData\Oracle\Java\javapath;C:\Windows\system32;C:\Windows;C:\Windows\System32\Wbem;C:\Windows\System32\WindowsPowerShell\v1.0\;C:\Windows\System32\OpenSSH\;C:\Program Files\NVIDIA Corporation\NVIDIA NvDLISR;C:\Program Files (x86)\NVIDIA Corporation\PhysX\Common;C:\Program Files\Git\cmd;C:\Program Files\dotnet\;C:\Program Files\nodejs\;C:\WINDOWS\system32;C:\WINDOWS;C:\WINDOWS\System32\Wbem;C:\WINDOWS\System32\WindowsPowerShell\v1.0\;C:\WINDOWS\System32\OpenSSH\;C:\Users\tonic\Desktop\Mi carpeta\DAM\Desarrollo de Interfaces\2º Trimestre\maven\apache-maven-3.9.6\bin;C:\Users\tonic\Desktop\Mi carpeta\DAM\Desarrollo de Interfaces\1º Trimestre\workspaceToniDesarrolloInt\dev\jdk\jdk-22.0.1\jdk-22.0.1\bin;C:\Program Files\Docker\Docker\resources\bin;C:\Users\tonic\AppData\Local\Microsoft\WindowsApps;C:\Users\tonic\AppData\Local\Programs\Microsoft VS Code\bin;C:\Users\tonic\AppData\Roaming\npm;C:\Users\tonic\AppData\Local\GitHubDesktop\bin;;C:\Program Files\Java\jre-1.8\bin
Check launcher:	C:\Users\tonic\Desktop\Mi carpeta\DAM\Desarrollo de Interfaces\1º Trimestre\workspaceToniDesarrolloInt\dev\jdk\jdk-22.0.1\jdk-22.0.1\bin\javaw.exe (not found)
Check launcher:	C:\Program Files\Common Files\Oracle\Java\javapath\bin\javaw.exe (not found)
Check launcher:	C:\Program Files (x86)\Common Files\Oracle\Java\java8path\bin\javaw.exe (not found)
Check launcher:	C:\Program Files (x86)\Common Files\Oracle\Java\javapath\bin\javaw.exe (not found)
Check launcher:	C:\ProgramData\Oracle\Java\javapath\bin\javaw.exe (not found)
Check launcher:	C:\Windows\system32\bin\javaw.exe (not found)
Check launcher:	C:\Windows\bin\javaw.exe (not found)
Check launcher:	C:\Windows\System32\Wbem\bin\javaw.exe (not found)
Check launcher:	C:\Windows\System32\WindowsPowerShell\v1.0\bin\javaw.exe (not found)
Check launcher:	C:\Windows\System32\OpenSSH\bin\javaw.exe (not found)
Check launcher:	C:\Program Files\NVIDIA Corporation\NVIDIA NvDLISR\bin\javaw.exe (not found)
Check launcher:	C:\Program Files (x86)\NVIDIA Corporation\PhysX\Common\bin\javaw.exe (not found)
Check launcher:	C:\Program Files\Git\cmd\bin\javaw.exe (not found)
Check launcher:	C:\Program Files\dotnet\bin\javaw.exe (not found)
Check launcher:	C:\Program Files\nodejs\bin\javaw.exe (not found)
Check launcher:	C:\WINDOWS\system32\bin\javaw.exe (not found)
Check launcher:	C:\WINDOWS\bin\javaw.exe (not found)
Check launcher:	C:\WINDOWS\System32\Wbem\bin\javaw.exe (not found)
Check launcher:	C:\WINDOWS\System32\WindowsPowerShell\v1.0\bin\javaw.exe (not found)
Check launcher:	C:\WINDOWS\System32\OpenSSH\bin\javaw.exe (not found)
Check launcher:	C:\Users\tonic\Desktop\Mi carpeta\DAM\Desarrollo de Interfaces\2º Trimestre\maven\apache-maven-3.9.6\bin\javaw.exe (not found)
Check launcher:	C:\Users\tonic\Desktop\Mi carpeta\DAM\Desarrollo de Interfaces\1º Trimestre\workspaceToniDesarrolloInt\dev\jdk\jdk-22.0.1\jdk-22.0.1\bin\javaw.exe (not found)
Check launcher:	C:\Program Files\Docker\Docker\resources\bin\javaw.exe (not found)
Check launcher:	C:\Users\tonic\AppData\Local\Microsoft\WindowsApps\bin\javaw.exe (not found)
Check launcher:	C:\Users\tonic\AppData\Local\Programs\Microsoft VS Code\bin\javaw.exe (not found)
Check launcher:	C:\Users\tonic\AppData\Roaming\npm\bin\javaw.exe (not found)
Check launcher:	C:\Users\tonic\AppData\Local\GitHubDesktop\bin\javaw.exe (not found)
Check launcher:	C:\Program Files\Java\jre-1.8\bin\javaw.exe (OK)
Check javac:	C:\Program Files\Java\jre-1.8\bin\javac.exe (not found)
64-bit search:	SOFTWARE\JavaSoft\Java Development Kit...
64-bit search:	SOFTWARE\JavaSoft\JDK...
Check:		SOFTWARE\JavaSoft\JDK\22.0.1
Version string: 1.022.000_001 / 64-Bit (OK)
Check launcher:	C:\Program Files\Java\jdk-22\bin\javaw.exe (OK)
Check javac:	C:\Program Files\Java\jdk-22\bin\javac.exe (OK)
Match:		1.022.000_001
Runtime used:	1.022.000_001 (64-bit)
Launcher:	C:\Program Files\Java\jdk-22\bin\javaw.exe
Launcher args:	-jar "C:\Users\tonic\Desktop\TFG_2024 _DAM_CAPARROS_RUIZ_ANTONIO\TFG_2024_Caparros_Ruiz_Antonio\deploy\ejecutable\GameProgressTracker_Ejecutable.exe"
Args length:	149/32768 chars
Exit code:	0
